<?xml version="1.0" encoding="UTF-8"?>
<!-- Generated by org.testng.reporters.JUnitReportReporter -->
<testsuite skipped="0" hostname="Rahul" name="com.demo.testCases.TC_LoginTest_001" tests="1" failures="0" timestamp="01 May 2019 18:04:26 GMT" time="33.879" errors="0">
  <testcase name="loginTest" time="33.879" classname="com.demo.testCases.TC_LoginTest_001"/>
</testsuite> <!-- com.demo.testCases.TC_LoginTest_001 -->
