<?xml version="1.0" encoding="UTF-8"?>
<!-- Generated by org.testng.reporters.JUnitReportReporter -->
<testsuite skipped="0" hostname="Rahul" name="com.demo.testCases.TC_AddCustomerTest_003" tests="1" failures="0" timestamp="04 May 2019 10:55:03 GMT" time="19.924" errors="0">
  <testcase name="addNewCustomer" time="19.924" classname="com.demo.testCases.TC_AddCustomerTest_003"/>
</testsuite> <!-- com.demo.testCases.TC_AddCustomerTest_003 -->
