<?xml version="1.0" encoding="UTF-8"?>
<!-- Generated by org.testng.reporters.JUnitReportReporter -->
<testsuite skipped="0" hostname="Rahul" name="com.demo.testCases.TC_LoginTest_001" tests="1" failures="0" timestamp="04 May 2019 08:43:50 GMT" time="2.088" errors="0">
  <testcase name="loginTest" time="2.088" classname="com.demo.testCases.TC_LoginTest_001"/>
</testsuite> <!-- com.demo.testCases.TC_LoginTest_001 -->
